31-May-2020 04:06:03.197 INFO [main] org.apache.catalina.startup.VersionLoggerListener.log Server version name:   Apache Tomcat/8.5.55
31-May-2020 04:06:03.209 INFO [main] org.apache.catalina.startup.VersionLoggerListener.log Server built:          May 5 2020 22:10:54 UTC
31-May-2020 04:06:03.212 INFO [main] org.apache.catalina.startup.VersionLoggerListener.log Server version number: 8.5.55.0
31-May-2020 04:06:03.212 INFO [main] org.apache.catalina.startup.VersionLoggerListener.log OS Name:               Windows 10
31-May-2020 04:06:03.212 INFO [main] org.apache.catalina.startup.VersionLoggerListener.log OS Version:            10.0
31-May-2020 04:06:03.213 INFO [main] org.apache.catalina.startup.VersionLoggerListener.log Architecture:          amd64
31-May-2020 04:06:03.213 INFO [main] org.apache.catalina.startup.VersionLoggerListener.log Java Home:             C:\Program Files\Java\jdk-14.0.1
31-May-2020 04:06:03.213 INFO [main] org.apache.catalina.startup.VersionLoggerListener.log JVM Version:           14.0.1+7
31-May-2020 04:06:03.214 INFO [main] org.apache.catalina.startup.VersionLoggerListener.log JVM Vendor:            Oracle Corporation
31-May-2020 04:06:03.216 INFO [main] org.apache.catalina.startup.VersionLoggerListener.log CATALINA_BASE:         F:\Tech\CUFE_CHS\Spring 2020\Advance Programming Techniques\Project\Web_Search_Engine\Server\apache-tomcat-8.5.55
31-May-2020 04:06:03.217 INFO [main] org.apache.catalina.startup.VersionLoggerListener.log CATALINA_HOME:         F:\Tech\CUFE_CHS\Spring 2020\Advance Programming Techniques\Project\Web_Search_Engine\Server\apache-tomcat-8.5.55
31-May-2020 04:06:03.217 INFO [main] org.apache.catalina.startup.VersionLoggerListener.log Command line argument: --add-opens=java.base/java.lang=ALL-UNNAMED
31-May-2020 04:06:03.218 INFO [main] org.apache.catalina.startup.VersionLoggerListener.log Command line argument: --add-opens=java.base/java.io=ALL-UNNAMED
31-May-2020 04:06:03.218 INFO [main] org.apache.catalina.startup.VersionLoggerListener.log Command line argument: --add-opens=java.rmi/sun.rmi.transport=ALL-UNNAMED
31-May-2020 04:06:03.218 INFO [main] org.apache.catalina.startup.VersionLoggerListener.log Command line argument: -Djava.util.logging.config.file=F:\Tech\CUFE_CHS\Spring 2020\Advance Programming Techniques\Project\Web_Search_Engine\Server\apache-tomcat-8.5.55\conf\logging.properties
31-May-2020 04:06:03.219 INFO [main] org.apache.catalina.startup.VersionLoggerListener.log Command line argument: -Djava.util.logging.manager=org.apache.juli.ClassLoaderLogManager
31-May-2020 04:06:03.220 INFO [main] org.apache.catalina.startup.VersionLoggerListener.log Command line argument: -Djdk.tls.ephemeralDHKeySize=2048
31-May-2020 04:06:03.221 INFO [main] org.apache.catalina.startup.VersionLoggerListener.log Command line argument: -Djava.protocol.handler.pkgs=org.apache.catalina.webresources
31-May-2020 04:06:03.222 INFO [main] org.apache.catalina.startup.VersionLoggerListener.log Command line argument: -Dignore.endorsed.dirs=
31-May-2020 04:06:03.223 INFO [main] org.apache.catalina.startup.VersionLoggerListener.log Command line argument: -Dcatalina.base=F:\Tech\CUFE_CHS\Spring 2020\Advance Programming Techniques\Project\Web_Search_Engine\Server\apache-tomcat-8.5.55
31-May-2020 04:06:03.224 INFO [main] org.apache.catalina.startup.VersionLoggerListener.log Command line argument: -Dcatalina.home=F:\Tech\CUFE_CHS\Spring 2020\Advance Programming Techniques\Project\Web_Search_Engine\Server\apache-tomcat-8.5.55
31-May-2020 04:06:03.224 INFO [main] org.apache.catalina.startup.VersionLoggerListener.log Command line argument: -Djava.io.tmpdir=F:\Tech\CUFE_CHS\Spring 2020\Advance Programming Techniques\Project\Web_Search_Engine\Server\apache-tomcat-8.5.55\temp
31-May-2020 04:06:03.232 INFO [main] org.apache.catalina.core.AprLifecycleListener.lifecycleEvent Loaded Apache Tomcat Native library [1.2.24] using APR version [1.7.0].
31-May-2020 04:06:03.233 INFO [main] org.apache.catalina.core.AprLifecycleListener.lifecycleEvent APR capabilities: IPv6 [true], sendfile [true], accept filters [false], random [true].
31-May-2020 04:06:03.235 INFO [main] org.apache.catalina.core.AprLifecycleListener.lifecycleEvent APR/OpenSSL configuration: useAprConnector [false], useOpenSSL [true]
31-May-2020 04:06:03.343 INFO [main] org.apache.catalina.core.AprLifecycleListener.initializeSSL OpenSSL successfully initialized [OpenSSL 1.1.1g  21 Apr 2020]
31-May-2020 04:06:03.487 INFO [main] org.apache.coyote.AbstractProtocol.init Initializing ProtocolHandler ["http-nio-8080"]
31-May-2020 04:06:03.689 INFO [main] org.apache.tomcat.util.net.NioSelectorPool.getSharedSelector Using a shared selector for servlet write/read
31-May-2020 04:06:03.727 INFO [main] org.apache.catalina.startup.Catalina.load Initialization processed in 1856 ms
31-May-2020 04:06:03.868 INFO [main] org.apache.catalina.core.StandardService.startInternal Starting service [Catalina]
31-May-2020 04:06:03.877 INFO [main] org.apache.catalina.core.StandardEngine.startInternal Starting Servlet Engine: Apache Tomcat/8.5.55
31-May-2020 04:06:03.918 INFO [localhost-startStop-1] org.apache.catalina.startup.HostConfig.deployDirectory Deploying web application directory [F:\Tech\CUFE_CHS\Spring 2020\Advance Programming Techniques\Project\Web_Search_Engine\Server\apache-tomcat-8.5.55\webapps\docs]
31-May-2020 04:06:26.494 INFO [localhost-startStop-1] org.apache.jasper.servlet.TldScanner.scanJars At least one JAR was scanned for TLDs yet contained no TLDs. Enable debug logging for this logger for a complete list of JARs that were scanned but no TLDs were found in them. Skipping unneeded JARs during scanning can improve startup time and JSP compilation time.
31-May-2020 04:06:26.624 INFO [localhost-startStop-1] org.apache.catalina.startup.HostConfig.deployDirectory Deployment of web application directory [F:\Tech\CUFE_CHS\Spring 2020\Advance Programming Techniques\Project\Web_Search_Engine\Server\apache-tomcat-8.5.55\webapps\docs] has finished in [22,704] ms
31-May-2020 04:06:26.625 INFO [localhost-startStop-1] org.apache.catalina.startup.HostConfig.deployDirectory Deploying web application directory [F:\Tech\CUFE_CHS\Spring 2020\Advance Programming Techniques\Project\Web_Search_Engine\Server\apache-tomcat-8.5.55\webapps\examples]
31-May-2020 04:06:40.193 INFO [localhost-startStop-1] org.apache.jasper.servlet.TldScanner.scanJars At least one JAR was scanned for TLDs yet contained no TLDs. Enable debug logging for this logger for a complete list of JARs that were scanned but no TLDs were found in them. Skipping unneeded JARs during scanning can improve startup time and JSP compilation time.
31-May-2020 04:06:40.277 INFO [localhost-startStop-1] org.apache.catalina.startup.HostConfig.deployDirectory Deployment of web application directory [F:\Tech\CUFE_CHS\Spring 2020\Advance Programming Techniques\Project\Web_Search_Engine\Server\apache-tomcat-8.5.55\webapps\examples] has finished in [13,652] ms
31-May-2020 04:06:40.278 INFO [localhost-startStop-1] org.apache.catalina.startup.HostConfig.deployDirectory Deploying web application directory [F:\Tech\CUFE_CHS\Spring 2020\Advance Programming Techniques\Project\Web_Search_Engine\Server\apache-tomcat-8.5.55\webapps\host-manager]
31-May-2020 04:06:50.747 INFO [localhost-startStop-1] org.apache.jasper.servlet.TldScanner.scanJars At least one JAR was scanned for TLDs yet contained no TLDs. Enable debug logging for this logger for a complete list of JARs that were scanned but no TLDs were found in them. Skipping unneeded JARs during scanning can improve startup time and JSP compilation time.
31-May-2020 04:06:50.752 INFO [localhost-startStop-1] org.apache.catalina.startup.HostConfig.deployDirectory Deployment of web application directory [F:\Tech\CUFE_CHS\Spring 2020\Advance Programming Techniques\Project\Web_Search_Engine\Server\apache-tomcat-8.5.55\webapps\host-manager] has finished in [10,474] ms
31-May-2020 04:06:50.753 INFO [localhost-startStop-1] org.apache.catalina.startup.HostConfig.deployDirectory Deploying web application directory [F:\Tech\CUFE_CHS\Spring 2020\Advance Programming Techniques\Project\Web_Search_Engine\Server\apache-tomcat-8.5.55\webapps\manager]
31-May-2020 04:07:01.806 INFO [localhost-startStop-1] org.apache.jasper.servlet.TldScanner.scanJars At least one JAR was scanned for TLDs yet contained no TLDs. Enable debug logging for this logger for a complete list of JARs that were scanned but no TLDs were found in them. Skipping unneeded JARs during scanning can improve startup time and JSP compilation time.
31-May-2020 04:07:01.813 INFO [localhost-startStop-1] org.apache.catalina.startup.HostConfig.deployDirectory Deployment of web application directory [F:\Tech\CUFE_CHS\Spring 2020\Advance Programming Techniques\Project\Web_Search_Engine\Server\apache-tomcat-8.5.55\webapps\manager] has finished in [11,060] ms
31-May-2020 04:07:01.814 INFO [localhost-startStop-1] org.apache.catalina.startup.HostConfig.deployDirectory Deploying web application directory [F:\Tech\CUFE_CHS\Spring 2020\Advance Programming Techniques\Project\Web_Search_Engine\Server\apache-tomcat-8.5.55\webapps\ROOT]
31-May-2020 04:07:02.552 WARNING [localhost-startStop-1] org.apache.tomcat.util.descriptor.web.WebXml.setVersion Unknown version string [4.0]. Default version will be used.
31-May-2020 04:07:18.226 INFO [localhost-startStop-1] org.apache.jasper.servlet.TldScanner.scanJars At least one JAR was scanned for TLDs yet contained no TLDs. Enable debug logging for this logger for a complete list of JARs that were scanned but no TLDs were found in them. Skipping unneeded JARs during scanning can improve startup time and JSP compilation time.
31-May-2020 04:07:18.284 INFO [localhost-startStop-1] org.apache.catalina.startup.HostConfig.deployDirectory Deployment of web application directory [F:\Tech\CUFE_CHS\Spring 2020\Advance Programming Techniques\Project\Web_Search_Engine\Server\apache-tomcat-8.5.55\webapps\ROOT] has finished in [16,470] ms
31-May-2020 04:07:18.288 INFO [main] org.apache.coyote.AbstractProtocol.start Starting ProtocolHandler ["http-nio-8080"]
31-May-2020 04:07:18.299 INFO [main] org.apache.catalina.startup.Catalina.start Server startup in 74566 ms
31-May-2020 08:24:59.171 INFO [main] org.apache.catalina.startup.VersionLoggerListener.log Server version name:   Apache Tomcat/8.5.55
31-May-2020 08:24:59.186 INFO [main] org.apache.catalina.startup.VersionLoggerListener.log Server built:          May 5 2020 22:10:54 UTC
31-May-2020 08:24:59.186 INFO [main] org.apache.catalina.startup.VersionLoggerListener.log Server version number: 8.5.55.0
31-May-2020 08:24:59.187 INFO [main] org.apache.catalina.startup.VersionLoggerListener.log OS Name:               Windows 10
31-May-2020 08:24:59.187 INFO [main] org.apache.catalina.startup.VersionLoggerListener.log OS Version:            10.0
31-May-2020 08:24:59.188 INFO [main] org.apache.catalina.startup.VersionLoggerListener.log Architecture:          amd64
31-May-2020 08:24:59.188 INFO [main] org.apache.catalina.startup.VersionLoggerListener.log Java Home:             C:\Program Files\Java\jdk-14.0.1
31-May-2020 08:24:59.189 INFO [main] org.apache.catalina.startup.VersionLoggerListener.log JVM Version:           14.0.1+7
31-May-2020 08:24:59.189 INFO [main] org.apache.catalina.startup.VersionLoggerListener.log JVM Vendor:            Oracle Corporation
31-May-2020 08:24:59.190 INFO [main] org.apache.catalina.startup.VersionLoggerListener.log CATALINA_BASE:         F:\Tech\CUFE_CHS\Spring 2020\Advance Programming Techniques\Project\Web_Search_Engine\Server\apache-tomcat-8.5.55
31-May-2020 08:24:59.190 INFO [main] org.apache.catalina.startup.VersionLoggerListener.log CATALINA_HOME:         F:\Tech\CUFE_CHS\Spring 2020\Advance Programming Techniques\Project\Web_Search_Engine\Server\apache-tomcat-8.5.55
31-May-2020 08:24:59.191 INFO [main] org.apache.catalina.startup.VersionLoggerListener.log Command line argument: --add-opens=java.base/java.lang=ALL-UNNAMED
31-May-2020 08:24:59.191 INFO [main] org.apache.catalina.startup.VersionLoggerListener.log Command line argument: --add-opens=java.base/java.io=ALL-UNNAMED
31-May-2020 08:24:59.192 INFO [main] org.apache.catalina.startup.VersionLoggerListener.log Command line argument: --add-opens=java.rmi/sun.rmi.transport=ALL-UNNAMED
31-May-2020 08:24:59.192 INFO [main] org.apache.catalina.startup.VersionLoggerListener.log Command line argument: -Djava.util.logging.config.file=F:\Tech\CUFE_CHS\Spring 2020\Advance Programming Techniques\Project\Web_Search_Engine\Server\apache-tomcat-8.5.55\conf\logging.properties
31-May-2020 08:24:59.193 INFO [main] org.apache.catalina.startup.VersionLoggerListener.log Command line argument: -Djava.util.logging.manager=org.apache.juli.ClassLoaderLogManager
31-May-2020 08:24:59.194 INFO [main] org.apache.catalina.startup.VersionLoggerListener.log Command line argument: -Djdk.tls.ephemeralDHKeySize=2048
31-May-2020 08:24:59.196 INFO [main] org.apache.catalina.startup.VersionLoggerListener.log Command line argument: -Djava.protocol.handler.pkgs=org.apache.catalina.webresources
31-May-2020 08:24:59.209 INFO [main] org.apache.catalina.startup.VersionLoggerListener.log Command line argument: -Dignore.endorsed.dirs=
31-May-2020 08:24:59.221 INFO [main] org.apache.catalina.startup.VersionLoggerListener.log Command line argument: -Dcatalina.base=F:\Tech\CUFE_CHS\Spring 2020\Advance Programming Techniques\Project\Web_Search_Engine\Server\apache-tomcat-8.5.55
31-May-2020 08:24:59.229 INFO [main] org.apache.catalina.startup.VersionLoggerListener.log Command line argument: -Dcatalina.home=F:\Tech\CUFE_CHS\Spring 2020\Advance Programming Techniques\Project\Web_Search_Engine\Server\apache-tomcat-8.5.55
31-May-2020 08:24:59.237 INFO [main] org.apache.catalina.startup.VersionLoggerListener.log Command line argument: -Djava.io.tmpdir=F:\Tech\CUFE_CHS\Spring 2020\Advance Programming Techniques\Project\Web_Search_Engine\Server\apache-tomcat-8.5.55\temp
31-May-2020 08:24:59.238 INFO [main] org.apache.catalina.core.AprLifecycleListener.lifecycleEvent Loaded Apache Tomcat Native library [1.2.24] using APR version [1.7.0].
31-May-2020 08:24:59.240 INFO [main] org.apache.catalina.core.AprLifecycleListener.lifecycleEvent APR capabilities: IPv6 [true], sendfile [true], accept filters [false], random [true].
31-May-2020 08:24:59.241 INFO [main] org.apache.catalina.core.AprLifecycleListener.lifecycleEvent APR/OpenSSL configuration: useAprConnector [false], useOpenSSL [true]
31-May-2020 08:24:59.296 INFO [main] org.apache.catalina.core.AprLifecycleListener.initializeSSL OpenSSL successfully initialized [OpenSSL 1.1.1g  21 Apr 2020]
31-May-2020 08:24:59.489 INFO [main] org.apache.coyote.AbstractProtocol.init Initializing ProtocolHandler ["http-nio-8080"]
31-May-2020 08:24:59.668 INFO [main] org.apache.tomcat.util.net.NioSelectorPool.getSharedSelector Using a shared selector for servlet write/read
31-May-2020 08:24:59.712 INFO [main] org.apache.catalina.startup.Catalina.load Initialization processed in 2508 ms
31-May-2020 08:24:59.905 INFO [main] org.apache.catalina.core.StandardService.startInternal Starting service [Catalina]
31-May-2020 08:24:59.921 INFO [main] org.apache.catalina.core.StandardEngine.startInternal Starting Servlet Engine: Apache Tomcat/8.5.55
31-May-2020 08:24:59.987 INFO [localhost-startStop-1] org.apache.catalina.startup.HostConfig.deployDirectory Deploying web application directory [F:\Tech\CUFE_CHS\Spring 2020\Advance Programming Techniques\Project\Web_Search_Engine\Server\apache-tomcat-8.5.55\webapps\docs]
31-May-2020 08:25:20.355 INFO [localhost-startStop-1] org.apache.jasper.servlet.TldScanner.scanJars At least one JAR was scanned for TLDs yet contained no TLDs. Enable debug logging for this logger for a complete list of JARs that were scanned but no TLDs were found in them. Skipping unneeded JARs during scanning can improve startup time and JSP compilation time.
31-May-2020 08:25:20.494 INFO [localhost-startStop-1] org.apache.catalina.startup.HostConfig.deployDirectory Deployment of web application directory [F:\Tech\CUFE_CHS\Spring 2020\Advance Programming Techniques\Project\Web_Search_Engine\Server\apache-tomcat-8.5.55\webapps\docs] has finished in [20,507] ms
31-May-2020 08:25:20.507 INFO [localhost-startStop-1] org.apache.catalina.startup.HostConfig.deployDirectory Deploying web application directory [F:\Tech\CUFE_CHS\Spring 2020\Advance Programming Techniques\Project\Web_Search_Engine\Server\apache-tomcat-8.5.55\webapps\examples]
31-May-2020 08:25:33.362 INFO [localhost-startStop-1] org.apache.jasper.servlet.TldScanner.scanJars At least one JAR was scanned for TLDs yet contained no TLDs. Enable debug logging for this logger for a complete list of JARs that were scanned but no TLDs were found in them. Skipping unneeded JARs during scanning can improve startup time and JSP compilation time.
31-May-2020 08:25:33.525 INFO [localhost-startStop-1] org.apache.catalina.startup.HostConfig.deployDirectory Deployment of web application directory [F:\Tech\CUFE_CHS\Spring 2020\Advance Programming Techniques\Project\Web_Search_Engine\Server\apache-tomcat-8.5.55\webapps\examples] has finished in [13,017] ms
31-May-2020 08:25:33.525 INFO [localhost-startStop-1] org.apache.catalina.startup.HostConfig.deployDirectory Deploying web application directory [F:\Tech\CUFE_CHS\Spring 2020\Advance Programming Techniques\Project\Web_Search_Engine\Server\apache-tomcat-8.5.55\webapps\host-manager]
31-May-2020 08:25:42.820 INFO [localhost-startStop-1] org.apache.jasper.servlet.TldScanner.scanJars At least one JAR was scanned for TLDs yet contained no TLDs. Enable debug logging for this logger for a complete list of JARs that were scanned but no TLDs were found in them. Skipping unneeded JARs during scanning can improve startup time and JSP compilation time.
31-May-2020 08:25:42.825 INFO [localhost-startStop-1] org.apache.catalina.startup.HostConfig.deployDirectory Deployment of web application directory [F:\Tech\CUFE_CHS\Spring 2020\Advance Programming Techniques\Project\Web_Search_Engine\Server\apache-tomcat-8.5.55\webapps\host-manager] has finished in [9,300] ms
31-May-2020 08:25:42.826 INFO [localhost-startStop-1] org.apache.catalina.startup.HostConfig.deployDirectory Deploying web application directory [F:\Tech\CUFE_CHS\Spring 2020\Advance Programming Techniques\Project\Web_Search_Engine\Server\apache-tomcat-8.5.55\webapps\manager]
31-May-2020 08:25:52.956 INFO [localhost-startStop-1] org.apache.jasper.servlet.TldScanner.scanJars At least one JAR was scanned for TLDs yet contained no TLDs. Enable debug logging for this logger for a complete list of JARs that were scanned but no TLDs were found in them. Skipping unneeded JARs during scanning can improve startup time and JSP compilation time.
31-May-2020 08:25:52.963 INFO [localhost-startStop-1] org.apache.catalina.startup.HostConfig.deployDirectory Deployment of web application directory [F:\Tech\CUFE_CHS\Spring 2020\Advance Programming Techniques\Project\Web_Search_Engine\Server\apache-tomcat-8.5.55\webapps\manager] has finished in [10,137] ms
31-May-2020 08:25:52.964 INFO [localhost-startStop-1] org.apache.catalina.startup.HostConfig.deployDirectory Deploying web application directory [F:\Tech\CUFE_CHS\Spring 2020\Advance Programming Techniques\Project\Web_Search_Engine\Server\apache-tomcat-8.5.55\webapps\ROOT]
31-May-2020 08:25:53.324 WARNING [localhost-startStop-1] org.apache.tomcat.util.descriptor.web.WebXml.setVersion Unknown version string [4.0]. Default version will be used.
31-May-2020 08:26:04.914 INFO [localhost-startStop-1] org.apache.jasper.servlet.TldScanner.scanJars At least one JAR was scanned for TLDs yet contained no TLDs. Enable debug logging for this logger for a complete list of JARs that were scanned but no TLDs were found in them. Skipping unneeded JARs during scanning can improve startup time and JSP compilation time.
31-May-2020 08:26:04.922 INFO [localhost-startStop-1] org.apache.catalina.startup.HostConfig.deployDirectory Deployment of web application directory [F:\Tech\CUFE_CHS\Spring 2020\Advance Programming Techniques\Project\Web_Search_Engine\Server\apache-tomcat-8.5.55\webapps\ROOT] has finished in [11,958] ms
31-May-2020 08:26:04.927 INFO [main] org.apache.coyote.AbstractProtocol.start Starting ProtocolHandler ["http-nio-8080"]
31-May-2020 08:26:04.941 INFO [main] org.apache.catalina.startup.Catalina.start Server startup in 65225 ms
