03-Jun-2020 08:50:53.268 INFO [main] org.apache.catalina.startup.VersionLoggerListener.log Server version name:   Apache Tomcat/8.5.55
03-Jun-2020 08:50:53.289 INFO [main] org.apache.catalina.startup.VersionLoggerListener.log Server built:          May 5 2020 22:10:54 UTC
03-Jun-2020 08:50:53.289 INFO [main] org.apache.catalina.startup.VersionLoggerListener.log Server version number: 8.5.55.0
03-Jun-2020 08:50:53.289 INFO [main] org.apache.catalina.startup.VersionLoggerListener.log OS Name:               Windows 10
03-Jun-2020 08:50:53.290 INFO [main] org.apache.catalina.startup.VersionLoggerListener.log OS Version:            10.0
03-Jun-2020 08:50:53.290 INFO [main] org.apache.catalina.startup.VersionLoggerListener.log Architecture:          amd64
03-Jun-2020 08:50:53.290 INFO [main] org.apache.catalina.startup.VersionLoggerListener.log Java Home:             C:\Users\Yara\Downloads\jdk-14_windows-x64_bin\jdk-14
03-Jun-2020 08:50:53.290 INFO [main] org.apache.catalina.startup.VersionLoggerListener.log JVM Version:           14+36-1461
03-Jun-2020 08:50:53.290 INFO [main] org.apache.catalina.startup.VersionLoggerListener.log JVM Vendor:            Oracle Corporation
03-Jun-2020 08:50:53.290 INFO [main] org.apache.catalina.startup.VersionLoggerListener.log CATALINA_BASE:         C:\Users\Yara\Downloads\APT\Web_Search_Engine\APT\apache-tomcat-8.5.55
03-Jun-2020 08:50:53.290 INFO [main] org.apache.catalina.startup.VersionLoggerListener.log CATALINA_HOME:         C:\Users\Yara\Downloads\APT\Web_Search_Engine\APT\apache-tomcat-8.5.55
03-Jun-2020 08:50:53.291 INFO [main] org.apache.catalina.startup.VersionLoggerListener.log Command line argument: --add-opens=java.base/java.lang=ALL-UNNAMED
03-Jun-2020 08:50:53.291 INFO [main] org.apache.catalina.startup.VersionLoggerListener.log Command line argument: --add-opens=java.base/java.io=ALL-UNNAMED
03-Jun-2020 08:50:53.291 INFO [main] org.apache.catalina.startup.VersionLoggerListener.log Command line argument: --add-opens=java.rmi/sun.rmi.transport=ALL-UNNAMED
03-Jun-2020 08:50:53.291 INFO [main] org.apache.catalina.startup.VersionLoggerListener.log Command line argument: -Djava.util.logging.config.file=C:\Users\Yara\Downloads\APT\Web_Search_Engine\APT\apache-tomcat-8.5.55\conf\logging.properties
03-Jun-2020 08:50:53.292 INFO [main] org.apache.catalina.startup.VersionLoggerListener.log Command line argument: -Djava.util.logging.manager=org.apache.juli.ClassLoaderLogManager
03-Jun-2020 08:50:53.293 INFO [main] org.apache.catalina.startup.VersionLoggerListener.log Command line argument: -Djdk.tls.ephemeralDHKeySize=2048
03-Jun-2020 08:50:53.293 INFO [main] org.apache.catalina.startup.VersionLoggerListener.log Command line argument: -Djava.protocol.handler.pkgs=org.apache.catalina.webresources
03-Jun-2020 08:50:53.293 INFO [main] org.apache.catalina.startup.VersionLoggerListener.log Command line argument: -Dignore.endorsed.dirs=
03-Jun-2020 08:50:53.294 INFO [main] org.apache.catalina.startup.VersionLoggerListener.log Command line argument: -Dcatalina.base=C:\Users\Yara\Downloads\APT\Web_Search_Engine\APT\apache-tomcat-8.5.55
03-Jun-2020 08:50:53.294 INFO [main] org.apache.catalina.startup.VersionLoggerListener.log Command line argument: -Dcatalina.home=C:\Users\Yara\Downloads\APT\Web_Search_Engine\APT\apache-tomcat-8.5.55
03-Jun-2020 08:50:53.295 INFO [main] org.apache.catalina.startup.VersionLoggerListener.log Command line argument: -Djava.io.tmpdir=C:\Users\Yara\Downloads\APT\Web_Search_Engine\APT\apache-tomcat-8.5.55\temp
03-Jun-2020 08:50:53.296 INFO [main] org.apache.catalina.core.AprLifecycleListener.lifecycleEvent Loaded Apache Tomcat Native library [1.2.24] using APR version [1.7.0].
03-Jun-2020 08:50:53.296 INFO [main] org.apache.catalina.core.AprLifecycleListener.lifecycleEvent APR capabilities: IPv6 [true], sendfile [true], accept filters [false], random [true].
03-Jun-2020 08:50:53.296 INFO [main] org.apache.catalina.core.AprLifecycleListener.lifecycleEvent APR/OpenSSL configuration: useAprConnector [false], useOpenSSL [true]
03-Jun-2020 08:50:53.345 INFO [main] org.apache.catalina.core.AprLifecycleListener.initializeSSL OpenSSL successfully initialized [OpenSSL 1.1.1g  21 Apr 2020]
03-Jun-2020 08:50:53.448 INFO [main] org.apache.coyote.AbstractProtocol.init Initializing ProtocolHandler ["http-nio-8080"]
03-Jun-2020 08:50:53.811 INFO [main] org.apache.tomcat.util.net.NioSelectorPool.getSharedSelector Using a shared selector for servlet write/read
03-Jun-2020 08:50:53.828 INFO [main] org.apache.catalina.startup.Catalina.load Initialization processed in 2036 ms
03-Jun-2020 08:50:54.043 INFO [main] org.apache.catalina.core.StandardService.startInternal Starting service [Catalina]
03-Jun-2020 08:50:54.043 INFO [main] org.apache.catalina.core.StandardEngine.startInternal Starting Servlet Engine: Apache Tomcat/8.5.55
03-Jun-2020 08:50:54.085 INFO [localhost-startStop-1] org.apache.catalina.startup.HostConfig.deployDirectory Deploying web application directory [C:\Users\Yara\Downloads\APT\Web_Search_Engine\APT\apache-tomcat-8.5.55\webapps\docs]
03-Jun-2020 08:51:02.375 INFO [localhost-startStop-1] org.apache.jasper.servlet.TldScanner.scanJars At least one JAR was scanned for TLDs yet contained no TLDs. Enable debug logging for this logger for a complete list of JARs that were scanned but no TLDs were found in them. Skipping unneeded JARs during scanning can improve startup time and JSP compilation time.
03-Jun-2020 08:51:02.507 INFO [localhost-startStop-1] org.apache.catalina.startup.HostConfig.deployDirectory Deployment of web application directory [C:\Users\Yara\Downloads\APT\Web_Search_Engine\APT\apache-tomcat-8.5.55\webapps\docs] has finished in [8,421] ms
03-Jun-2020 08:51:02.508 INFO [localhost-startStop-1] org.apache.catalina.startup.HostConfig.deployDirectory Deploying web application directory [C:\Users\Yara\Downloads\APT\Web_Search_Engine\APT\apache-tomcat-8.5.55\webapps\examples]
03-Jun-2020 08:51:08.234 INFO [localhost-startStop-1] org.apache.jasper.servlet.TldScanner.scanJars At least one JAR was scanned for TLDs yet contained no TLDs. Enable debug logging for this logger for a complete list of JARs that were scanned but no TLDs were found in them. Skipping unneeded JARs during scanning can improve startup time and JSP compilation time.
03-Jun-2020 08:51:09.123 INFO [localhost-startStop-1] org.apache.catalina.startup.HostConfig.deployDirectory Deployment of web application directory [C:\Users\Yara\Downloads\APT\Web_Search_Engine\APT\apache-tomcat-8.5.55\webapps\examples] has finished in [6,615] ms
03-Jun-2020 08:51:09.124 INFO [localhost-startStop-1] org.apache.catalina.startup.HostConfig.deployDirectory Deploying web application directory [C:\Users\Yara\Downloads\APT\Web_Search_Engine\APT\apache-tomcat-8.5.55\webapps\host-manager]
03-Jun-2020 08:51:10.721 INFO [localhost-startStop-1] org.apache.jasper.servlet.TldScanner.scanJars At least one JAR was scanned for TLDs yet contained no TLDs. Enable debug logging for this logger for a complete list of JARs that were scanned but no TLDs were found in them. Skipping unneeded JARs during scanning can improve startup time and JSP compilation time.
03-Jun-2020 08:51:10.728 INFO [localhost-startStop-1] org.apache.catalina.startup.HostConfig.deployDirectory Deployment of web application directory [C:\Users\Yara\Downloads\APT\Web_Search_Engine\APT\apache-tomcat-8.5.55\webapps\host-manager] has finished in [1,604] ms
03-Jun-2020 08:51:10.729 INFO [localhost-startStop-1] org.apache.catalina.startup.HostConfig.deployDirectory Deploying web application directory [C:\Users\Yara\Downloads\APT\Web_Search_Engine\APT\apache-tomcat-8.5.55\webapps\manager]
03-Jun-2020 08:51:15.366 INFO [localhost-startStop-1] org.apache.jasper.servlet.TldScanner.scanJars At least one JAR was scanned for TLDs yet contained no TLDs. Enable debug logging for this logger for a complete list of JARs that were scanned but no TLDs were found in them. Skipping unneeded JARs during scanning can improve startup time and JSP compilation time.
03-Jun-2020 08:51:15.373 INFO [localhost-startStop-1] org.apache.catalina.startup.HostConfig.deployDirectory Deployment of web application directory [C:\Users\Yara\Downloads\APT\Web_Search_Engine\APT\apache-tomcat-8.5.55\webapps\manager] has finished in [4,644] ms
03-Jun-2020 08:51:15.373 INFO [localhost-startStop-1] org.apache.catalina.startup.HostConfig.deployDirectory Deploying web application directory [C:\Users\Yara\Downloads\APT\Web_Search_Engine\APT\apache-tomcat-8.5.55\webapps\ROOT]
03-Jun-2020 08:51:16.716 WARNING [localhost-startStop-1] org.apache.tomcat.util.descriptor.web.WebXml.setVersion Unknown version string [4.0]. Default version will be used.
03-Jun-2020 08:51:20.416 INFO [localhost-startStop-1] org.apache.jasper.servlet.TldScanner.scanJars At least one JAR was scanned for TLDs yet contained no TLDs. Enable debug logging for this logger for a complete list of JARs that were scanned but no TLDs were found in them. Skipping unneeded JARs during scanning can improve startup time and JSP compilation time.
03-Jun-2020 08:51:20.425 INFO [localhost-startStop-1] org.apache.catalina.startup.HostConfig.deployDirectory Deployment of web application directory [C:\Users\Yara\Downloads\APT\Web_Search_Engine\APT\apache-tomcat-8.5.55\webapps\ROOT] has finished in [5,052] ms
03-Jun-2020 08:51:20.496 INFO [main] org.apache.coyote.AbstractProtocol.start Starting ProtocolHandler ["http-nio-8080"]
03-Jun-2020 08:51:20.648 INFO [main] org.apache.catalina.startup.Catalina.start Server startup in 26818 ms
03-Jun-2020 08:51:42.342 INFO [http-nio-8080-exec-4] com.mongodb.diagnostics.logging.JULLogger.log Cluster created with settings {hosts=[localhost:27017], mode=SINGLE, requiredClusterType=UNKNOWN, serverSelectionTimeout='30000 ms', maxWaitQueueSize=500}
03-Jun-2020 08:51:42.551 INFO [http-nio-8080-exec-4] com.mongodb.diagnostics.logging.JULLogger.log Cluster created with settings {hosts=[localhost:27017], mode=SINGLE, requiredClusterType=UNKNOWN, serverSelectionTimeout='30000 ms', maxWaitQueueSize=500}
03-Jun-2020 08:51:42.635 INFO [cluster-ClusterId{value='5ed7487ec424035d44b4c95e', description='null'}-localhost:27017] com.mongodb.diagnostics.logging.JULLogger.log Opened connection [connectionId{localValue:2, serverValue:2}] to localhost:27017
03-Jun-2020 08:51:42.635 INFO [cluster-ClusterId{value='5ed7487ec424035d44b4c95d', description='null'}-localhost:27017] com.mongodb.diagnostics.logging.JULLogger.log Opened connection [connectionId{localValue:1, serverValue:1}] to localhost:27017
03-Jun-2020 08:51:42.668 INFO [cluster-ClusterId{value='5ed7487ec424035d44b4c95d', description='null'}-localhost:27017] com.mongodb.diagnostics.logging.JULLogger.log Monitor thread successfully connected to server with description ServerDescription{address=localhost:27017, type=STANDALONE, state=CONNECTED, ok=true, version=ServerVersion{versionList=[4, 2, 6]}, minWireVersion=0, maxWireVersion=8, maxDocumentSize=16777216, logicalSessionTimeoutMinutes=30, roundTripTimeNanos=20042500}
03-Jun-2020 08:51:42.668 INFO [cluster-ClusterId{value='5ed7487ec424035d44b4c95e', description='null'}-localhost:27017] com.mongodb.diagnostics.logging.JULLogger.log Monitor thread successfully connected to server with description ServerDescription{address=localhost:27017, type=STANDALONE, state=CONNECTED, ok=true, version=ServerVersion{versionList=[4, 2, 6]}, minWireVersion=0, maxWireVersion=8, maxDocumentSize=16777216, logicalSessionTimeoutMinutes=30, roundTripTimeNanos=20054900}
03-Jun-2020 08:53:28.309 INFO [http-nio-8080-exec-10] com.mongodb.diagnostics.logging.JULLogger.log Cluster created with settings {hosts=[localhost:27017], mode=SINGLE, requiredClusterType=UNKNOWN, serverSelectionTimeout='30000 ms', maxWaitQueueSize=500}
03-Jun-2020 08:53:28.312 INFO [http-nio-8080-exec-10] com.mongodb.diagnostics.logging.JULLogger.log Cluster created with settings {hosts=[localhost:27017], mode=SINGLE, requiredClusterType=UNKNOWN, serverSelectionTimeout='30000 ms', maxWaitQueueSize=500}
03-Jun-2020 08:53:28.322 INFO [cluster-ClusterId{value='5ed748e8c424035d44b4c95f', description='null'}-localhost:27017] com.mongodb.diagnostics.logging.JULLogger.log Opened connection [connectionId{localValue:3, serverValue:3}] to localhost:27017
03-Jun-2020 08:53:28.323 INFO [cluster-ClusterId{value='5ed748e8c424035d44b4c95f', description='null'}-localhost:27017] com.mongodb.diagnostics.logging.JULLogger.log Monitor thread successfully connected to server with description ServerDescription{address=localhost:27017, type=STANDALONE, state=CONNECTED, ok=true, version=ServerVersion{versionList=[4, 2, 6]}, minWireVersion=0, maxWireVersion=8, maxDocumentSize=16777216, logicalSessionTimeoutMinutes=30, roundTripTimeNanos=651600}
03-Jun-2020 08:53:28.323 INFO [cluster-ClusterId{value='5ed748e8c424035d44b4c960', description='null'}-localhost:27017] com.mongodb.diagnostics.logging.JULLogger.log Opened connection [connectionId{localValue:4, serverValue:4}] to localhost:27017
03-Jun-2020 08:53:28.328 INFO [cluster-ClusterId{value='5ed748e8c424035d44b4c960', description='null'}-localhost:27017] com.mongodb.diagnostics.logging.JULLogger.log Monitor thread successfully connected to server with description ServerDescription{address=localhost:27017, type=STANDALONE, state=CONNECTED, ok=true, version=ServerVersion{versionList=[4, 2, 6]}, minWireVersion=0, maxWireVersion=8, maxDocumentSize=16777216, logicalSessionTimeoutMinutes=30, roundTripTimeNanos=1143500}
03-Jun-2020 08:54:08.647 INFO [main] org.apache.catalina.startup.VersionLoggerListener.log Server version name:   Apache Tomcat/8.5.55
03-Jun-2020 08:54:08.651 INFO [main] org.apache.catalina.startup.VersionLoggerListener.log Server built:          May 5 2020 22:10:54 UTC
03-Jun-2020 08:54:08.651 INFO [main] org.apache.catalina.startup.VersionLoggerListener.log Server version number: 8.5.55.0
03-Jun-2020 08:54:08.651 INFO [main] org.apache.catalina.startup.VersionLoggerListener.log OS Name:               Windows 10
03-Jun-2020 08:54:08.651 INFO [main] org.apache.catalina.startup.VersionLoggerListener.log OS Version:            10.0
03-Jun-2020 08:54:08.651 INFO [main] org.apache.catalina.startup.VersionLoggerListener.log Architecture:          amd64
03-Jun-2020 08:54:08.652 INFO [main] org.apache.catalina.startup.VersionLoggerListener.log Java Home:             C:\Users\Yara\Downloads\jdk-14_windows-x64_bin\jdk-14
03-Jun-2020 08:54:08.652 INFO [main] org.apache.catalina.startup.VersionLoggerListener.log JVM Version:           14+36-1461
03-Jun-2020 08:54:08.652 INFO [main] org.apache.catalina.startup.VersionLoggerListener.log JVM Vendor:            Oracle Corporation
03-Jun-2020 08:54:08.652 INFO [main] org.apache.catalina.startup.VersionLoggerListener.log CATALINA_BASE:         C:\Users\Yara\Downloads\APT\Web_Search_Engine\APT\apache-tomcat-8.5.55
03-Jun-2020 08:54:08.652 INFO [main] org.apache.catalina.startup.VersionLoggerListener.log CATALINA_HOME:         C:\Users\Yara\Downloads\APT\Web_Search_Engine\APT\apache-tomcat-8.5.55
03-Jun-2020 08:54:08.653 INFO [main] org.apache.catalina.startup.VersionLoggerListener.log Command line argument: --add-opens=java.base/java.lang=ALL-UNNAMED
03-Jun-2020 08:54:08.654 INFO [main] org.apache.catalina.startup.VersionLoggerListener.log Command line argument: --add-opens=java.base/java.io=ALL-UNNAMED
03-Jun-2020 08:54:08.654 INFO [main] org.apache.catalina.startup.VersionLoggerListener.log Command line argument: --add-opens=java.rmi/sun.rmi.transport=ALL-UNNAMED
03-Jun-2020 08:54:08.657 INFO [main] org.apache.catalina.startup.VersionLoggerListener.log Command line argument: -Djava.util.logging.config.file=C:\Users\Yara\Downloads\APT\Web_Search_Engine\APT\apache-tomcat-8.5.55\conf\logging.properties
03-Jun-2020 08:54:08.657 INFO [main] org.apache.catalina.startup.VersionLoggerListener.log Command line argument: -Djava.util.logging.manager=org.apache.juli.ClassLoaderLogManager
03-Jun-2020 08:54:08.659 INFO [main] org.apache.catalina.startup.VersionLoggerListener.log Command line argument: -Djdk.tls.ephemeralDHKeySize=2048
03-Jun-2020 08:54:08.674 INFO [main] org.apache.catalina.startup.VersionLoggerListener.log Command line argument: -Djava.protocol.handler.pkgs=org.apache.catalina.webresources
03-Jun-2020 08:54:08.675 INFO [main] org.apache.catalina.startup.VersionLoggerListener.log Command line argument: -Dignore.endorsed.dirs=
03-Jun-2020 08:54:08.677 INFO [main] org.apache.catalina.startup.VersionLoggerListener.log Command line argument: -Dcatalina.base=C:\Users\Yara\Downloads\APT\Web_Search_Engine\APT\apache-tomcat-8.5.55
03-Jun-2020 08:54:08.678 INFO [main] org.apache.catalina.startup.VersionLoggerListener.log Command line argument: -Dcatalina.home=C:\Users\Yara\Downloads\APT\Web_Search_Engine\APT\apache-tomcat-8.5.55
03-Jun-2020 08:54:08.678 INFO [main] org.apache.catalina.startup.VersionLoggerListener.log Command line argument: -Djava.io.tmpdir=C:\Users\Yara\Downloads\APT\Web_Search_Engine\APT\apache-tomcat-8.5.55\temp
03-Jun-2020 08:54:08.679 INFO [main] org.apache.catalina.core.AprLifecycleListener.lifecycleEvent Loaded Apache Tomcat Native library [1.2.24] using APR version [1.7.0].
03-Jun-2020 08:54:08.679 INFO [main] org.apache.catalina.core.AprLifecycleListener.lifecycleEvent APR capabilities: IPv6 [true], sendfile [true], accept filters [false], random [true].
03-Jun-2020 08:54:08.680 INFO [main] org.apache.catalina.core.AprLifecycleListener.lifecycleEvent APR/OpenSSL configuration: useAprConnector [false], useOpenSSL [true]
03-Jun-2020 08:54:08.692 INFO [main] org.apache.catalina.core.AprLifecycleListener.initializeSSL OpenSSL successfully initialized [OpenSSL 1.1.1g  21 Apr 2020]
03-Jun-2020 08:54:08.778 INFO [main] org.apache.coyote.AbstractProtocol.init Initializing ProtocolHandler ["http-nio-8080"]
03-Jun-2020 08:54:08.896 INFO [main] org.apache.tomcat.util.net.NioSelectorPool.getSharedSelector Using a shared selector for servlet write/read
03-Jun-2020 08:54:08.931 INFO [main] org.apache.catalina.startup.Catalina.load Initialization processed in 780 ms
03-Jun-2020 08:54:09.033 INFO [main] org.apache.catalina.core.StandardService.startInternal Starting service [Catalina]
03-Jun-2020 08:54:09.033 INFO [main] org.apache.catalina.core.StandardEngine.startInternal Starting Servlet Engine: Apache Tomcat/8.5.55
03-Jun-2020 08:54:09.062 INFO [localhost-startStop-1] org.apache.catalina.startup.HostConfig.deployDirectory Deploying web application directory [C:\Users\Yara\Downloads\APT\Web_Search_Engine\APT\apache-tomcat-8.5.55\webapps\docs]
03-Jun-2020 08:54:13.951 INFO [localhost-startStop-1] org.apache.jasper.servlet.TldScanner.scanJars At least one JAR was scanned for TLDs yet contained no TLDs. Enable debug logging for this logger for a complete list of JARs that were scanned but no TLDs were found in them. Skipping unneeded JARs during scanning can improve startup time and JSP compilation time.
03-Jun-2020 08:54:14.042 INFO [localhost-startStop-1] org.apache.catalina.startup.HostConfig.deployDirectory Deployment of web application directory [C:\Users\Yara\Downloads\APT\Web_Search_Engine\APT\apache-tomcat-8.5.55\webapps\docs] has finished in [4,979] ms
03-Jun-2020 08:54:14.043 INFO [localhost-startStop-1] org.apache.catalina.startup.HostConfig.deployDirectory Deploying web application directory [C:\Users\Yara\Downloads\APT\Web_Search_Engine\APT\apache-tomcat-8.5.55\webapps\examples]
03-Jun-2020 08:54:18.470 INFO [localhost-startStop-1] org.apache.jasper.servlet.TldScanner.scanJars At least one JAR was scanned for TLDs yet contained no TLDs. Enable debug logging for this logger for a complete list of JARs that were scanned but no TLDs were found in them. Skipping unneeded JARs during scanning can improve startup time and JSP compilation time.
03-Jun-2020 08:54:18.576 INFO [localhost-startStop-1] org.apache.catalina.startup.HostConfig.deployDirectory Deployment of web application directory [C:\Users\Yara\Downloads\APT\Web_Search_Engine\APT\apache-tomcat-8.5.55\webapps\examples] has finished in [4,533] ms
03-Jun-2020 08:54:18.578 INFO [localhost-startStop-1] org.apache.catalina.startup.HostConfig.deployDirectory Deploying web application directory [C:\Users\Yara\Downloads\APT\Web_Search_Engine\APT\apache-tomcat-8.5.55\webapps\host-manager]
03-Jun-2020 08:54:20.148 INFO [localhost-startStop-1] org.apache.jasper.servlet.TldScanner.scanJars At least one JAR was scanned for TLDs yet contained no TLDs. Enable debug logging for this logger for a complete list of JARs that were scanned but no TLDs were found in them. Skipping unneeded JARs during scanning can improve startup time and JSP compilation time.
03-Jun-2020 08:54:20.163 INFO [localhost-startStop-1] org.apache.catalina.startup.HostConfig.deployDirectory Deployment of web application directory [C:\Users\Yara\Downloads\APT\Web_Search_Engine\APT\apache-tomcat-8.5.55\webapps\host-manager] has finished in [1,585] ms
03-Jun-2020 08:54:20.164 INFO [localhost-startStop-1] org.apache.catalina.startup.HostConfig.deployDirectory Deploying web application directory [C:\Users\Yara\Downloads\APT\Web_Search_Engine\APT\apache-tomcat-8.5.55\webapps\manager]
03-Jun-2020 08:54:21.701 INFO [localhost-startStop-1] org.apache.jasper.servlet.TldScanner.scanJars At least one JAR was scanned for TLDs yet contained no TLDs. Enable debug logging for this logger for a complete list of JARs that were scanned but no TLDs were found in them. Skipping unneeded JARs during scanning can improve startup time and JSP compilation time.
03-Jun-2020 08:54:21.709 INFO [localhost-startStop-1] org.apache.catalina.startup.HostConfig.deployDirectory Deployment of web application directory [C:\Users\Yara\Downloads\APT\Web_Search_Engine\APT\apache-tomcat-8.5.55\webapps\manager] has finished in [1,544] ms
03-Jun-2020 08:54:21.709 INFO [localhost-startStop-1] org.apache.catalina.startup.HostConfig.deployDirectory Deploying web application directory [C:\Users\Yara\Downloads\APT\Web_Search_Engine\APT\apache-tomcat-8.5.55\webapps\ROOT]
03-Jun-2020 08:54:21.747 WARNING [localhost-startStop-1] org.apache.tomcat.util.descriptor.web.WebXml.setVersion Unknown version string [4.0]. Default version will be used.
03-Jun-2020 08:54:23.438 INFO [localhost-startStop-1] org.apache.jasper.servlet.TldScanner.scanJars At least one JAR was scanned for TLDs yet contained no TLDs. Enable debug logging for this logger for a complete list of JARs that were scanned but no TLDs were found in them. Skipping unneeded JARs during scanning can improve startup time and JSP compilation time.
03-Jun-2020 08:54:23.444 INFO [localhost-startStop-1] org.apache.catalina.startup.HostConfig.deployDirectory Deployment of web application directory [C:\Users\Yara\Downloads\APT\Web_Search_Engine\APT\apache-tomcat-8.5.55\webapps\ROOT] has finished in [1,735] ms
03-Jun-2020 08:54:23.448 INFO [main] org.apache.coyote.AbstractProtocol.start Starting ProtocolHandler ["http-nio-8080"]
03-Jun-2020 08:54:23.478 INFO [main] org.apache.catalina.startup.Catalina.start Server startup in 14546 ms
03-Jun-2020 08:55:05.462 INFO [http-nio-8080-exec-1] com.mongodb.diagnostics.logging.JULLogger.log Cluster created with settings {hosts=[localhost:27017], mode=SINGLE, requiredClusterType=UNKNOWN, serverSelectionTimeout='30000 ms', maxWaitQueueSize=500}
03-Jun-2020 08:55:05.638 INFO [http-nio-8080-exec-1] com.mongodb.diagnostics.logging.JULLogger.log Cluster created with settings {hosts=[localhost:27017], mode=SINGLE, requiredClusterType=UNKNOWN, serverSelectionTimeout='30000 ms', maxWaitQueueSize=500}
03-Jun-2020 08:55:05.702 INFO [cluster-ClusterId{value='5ed74949d3c3706c2881e701', description='null'}-localhost:27017] com.mongodb.diagnostics.logging.JULLogger.log Opened connection [connectionId{localValue:1, serverValue:5}] to localhost:27017
03-Jun-2020 08:55:05.702 INFO [cluster-ClusterId{value='5ed74949d3c3706c2881e702', description='null'}-localhost:27017] com.mongodb.diagnostics.logging.JULLogger.log Opened connection [connectionId{localValue:2, serverValue:6}] to localhost:27017
03-Jun-2020 08:55:05.729 INFO [cluster-ClusterId{value='5ed74949d3c3706c2881e702', description='null'}-localhost:27017] com.mongodb.diagnostics.logging.JULLogger.log Monitor thread successfully connected to server with description ServerDescription{address=localhost:27017, type=STANDALONE, state=CONNECTED, ok=true, version=ServerVersion{versionList=[4, 2, 6]}, minWireVersion=0, maxWireVersion=8, maxDocumentSize=16777216, logicalSessionTimeoutMinutes=30, roundTripTimeNanos=14445800}
03-Jun-2020 08:55:05.729 INFO [cluster-ClusterId{value='5ed74949d3c3706c2881e701', description='null'}-localhost:27017] com.mongodb.diagnostics.logging.JULLogger.log Monitor thread successfully connected to server with description ServerDescription{address=localhost:27017, type=STANDALONE, state=CONNECTED, ok=true, version=ServerVersion{versionList=[4, 2, 6]}, minWireVersion=0, maxWireVersion=8, maxDocumentSize=16777216, logicalSessionTimeoutMinutes=30, roundTripTimeNanos=14617900}
03-Jun-2020 08:56:38.281 INFO [main] org.apache.catalina.startup.VersionLoggerListener.log Server version name:   Apache Tomcat/8.5.55
03-Jun-2020 08:56:38.285 INFO [main] org.apache.catalina.startup.VersionLoggerListener.log Server built:          May 5 2020 22:10:54 UTC
03-Jun-2020 08:56:38.285 INFO [main] org.apache.catalina.startup.VersionLoggerListener.log Server version number: 8.5.55.0
03-Jun-2020 08:56:38.286 INFO [main] org.apache.catalina.startup.VersionLoggerListener.log OS Name:               Windows 10
03-Jun-2020 08:56:38.286 INFO [main] org.apache.catalina.startup.VersionLoggerListener.log OS Version:            10.0
03-Jun-2020 08:56:38.286 INFO [main] org.apache.catalina.startup.VersionLoggerListener.log Architecture:          amd64
03-Jun-2020 08:56:38.286 INFO [main] org.apache.catalina.startup.VersionLoggerListener.log Java Home:             C:\Users\Yara\Downloads\jdk-14_windows-x64_bin\jdk-14
03-Jun-2020 08:56:38.286 INFO [main] org.apache.catalina.startup.VersionLoggerListener.log JVM Version:           14+36-1461
03-Jun-2020 08:56:38.287 INFO [main] org.apache.catalina.startup.VersionLoggerListener.log JVM Vendor:            Oracle Corporation
03-Jun-2020 08:56:38.287 INFO [main] org.apache.catalina.startup.VersionLoggerListener.log CATALINA_BASE:         C:\Users\Yara\Downloads\APT\Web_Search_Engine\APT\apache-tomcat-8.5.55
03-Jun-2020 08:56:38.287 INFO [main] org.apache.catalina.startup.VersionLoggerListener.log CATALINA_HOME:         C:\Users\Yara\Downloads\APT\Web_Search_Engine\APT\apache-tomcat-8.5.55
03-Jun-2020 08:56:38.289 INFO [main] org.apache.catalina.startup.VersionLoggerListener.log Command line argument: --add-opens=java.base/java.lang=ALL-UNNAMED
03-Jun-2020 08:56:38.289 INFO [main] org.apache.catalina.startup.VersionLoggerListener.log Command line argument: --add-opens=java.base/java.io=ALL-UNNAMED
03-Jun-2020 08:56:38.289 INFO [main] org.apache.catalina.startup.VersionLoggerListener.log Command line argument: --add-opens=java.rmi/sun.rmi.transport=ALL-UNNAMED
03-Jun-2020 08:56:38.290 INFO [main] org.apache.catalina.startup.VersionLoggerListener.log Command line argument: -Djava.util.logging.config.file=C:\Users\Yara\Downloads\APT\Web_Search_Engine\APT\apache-tomcat-8.5.55\conf\logging.properties
03-Jun-2020 08:56:38.290 INFO [main] org.apache.catalina.startup.VersionLoggerListener.log Command line argument: -Djava.util.logging.manager=org.apache.juli.ClassLoaderLogManager
03-Jun-2020 08:56:38.291 INFO [main] org.apache.catalina.startup.VersionLoggerListener.log Command line argument: -Djdk.tls.ephemeralDHKeySize=2048
03-Jun-2020 08:56:38.292 INFO [main] org.apache.catalina.startup.VersionLoggerListener.log Command line argument: -Djava.protocol.handler.pkgs=org.apache.catalina.webresources
03-Jun-2020 08:56:38.292 INFO [main] org.apache.catalina.startup.VersionLoggerListener.log Command line argument: -Dignore.endorsed.dirs=
03-Jun-2020 08:56:38.293 INFO [main] org.apache.catalina.startup.VersionLoggerListener.log Command line argument: -Dcatalina.base=C:\Users\Yara\Downloads\APT\Web_Search_Engine\APT\apache-tomcat-8.5.55
03-Jun-2020 08:56:38.293 INFO [main] org.apache.catalina.startup.VersionLoggerListener.log Command line argument: -Dcatalina.home=C:\Users\Yara\Downloads\APT\Web_Search_Engine\APT\apache-tomcat-8.5.55
03-Jun-2020 08:56:38.293 INFO [main] org.apache.catalina.startup.VersionLoggerListener.log Command line argument: -Djava.io.tmpdir=C:\Users\Yara\Downloads\APT\Web_Search_Engine\APT\apache-tomcat-8.5.55\temp
03-Jun-2020 08:56:38.300 INFO [main] org.apache.catalina.core.AprLifecycleListener.lifecycleEvent Loaded Apache Tomcat Native library [1.2.24] using APR version [1.7.0].
03-Jun-2020 08:56:38.300 INFO [main] org.apache.catalina.core.AprLifecycleListener.lifecycleEvent APR capabilities: IPv6 [true], sendfile [true], accept filters [false], random [true].
03-Jun-2020 08:56:38.301 INFO [main] org.apache.catalina.core.AprLifecycleListener.lifecycleEvent APR/OpenSSL configuration: useAprConnector [false], useOpenSSL [true]
03-Jun-2020 08:56:38.311 INFO [main] org.apache.catalina.core.AprLifecycleListener.initializeSSL OpenSSL successfully initialized [OpenSSL 1.1.1g  21 Apr 2020]
03-Jun-2020 08:56:38.414 INFO [main] org.apache.coyote.AbstractProtocol.init Initializing ProtocolHandler ["http-nio-8080"]
03-Jun-2020 08:56:38.540 INFO [main] org.apache.tomcat.util.net.NioSelectorPool.getSharedSelector Using a shared selector for servlet write/read
03-Jun-2020 08:56:38.566 INFO [main] org.apache.catalina.startup.Catalina.load Initialization processed in 898 ms
03-Jun-2020 08:56:38.643 INFO [main] org.apache.catalina.core.StandardService.startInternal Starting service [Catalina]
03-Jun-2020 08:56:38.644 INFO [main] org.apache.catalina.core.StandardEngine.startInternal Starting Servlet Engine: Apache Tomcat/8.5.55
03-Jun-2020 08:56:38.667 INFO [localhost-startStop-1] org.apache.catalina.startup.HostConfig.deployDirectory Deploying web application directory [C:\Users\Yara\Downloads\APT\Web_Search_Engine\APT\apache-tomcat-8.5.55\webapps\docs]
03-Jun-2020 08:56:41.960 INFO [localhost-startStop-1] org.apache.jasper.servlet.TldScanner.scanJars At least one JAR was scanned for TLDs yet contained no TLDs. Enable debug logging for this logger for a complete list of JARs that were scanned but no TLDs were found in them. Skipping unneeded JARs during scanning can improve startup time and JSP compilation time.
03-Jun-2020 08:56:42.060 INFO [localhost-startStop-1] org.apache.catalina.startup.HostConfig.deployDirectory Deployment of web application directory [C:\Users\Yara\Downloads\APT\Web_Search_Engine\APT\apache-tomcat-8.5.55\webapps\docs] has finished in [3,393] ms
03-Jun-2020 08:56:42.061 INFO [localhost-startStop-1] org.apache.catalina.startup.HostConfig.deployDirectory Deploying web application directory [C:\Users\Yara\Downloads\APT\Web_Search_Engine\APT\apache-tomcat-8.5.55\webapps\examples]
03-Jun-2020 08:56:44.287 INFO [localhost-startStop-1] org.apache.jasper.servlet.TldScanner.scanJars At least one JAR was scanned for TLDs yet contained no TLDs. Enable debug logging for this logger for a complete list of JARs that were scanned but no TLDs were found in them. Skipping unneeded JARs during scanning can improve startup time and JSP compilation time.
03-Jun-2020 08:56:44.394 INFO [localhost-startStop-1] org.apache.catalina.startup.HostConfig.deployDirectory Deployment of web application directory [C:\Users\Yara\Downloads\APT\Web_Search_Engine\APT\apache-tomcat-8.5.55\webapps\examples] has finished in [2,334] ms
03-Jun-2020 08:56:44.395 INFO [localhost-startStop-1] org.apache.catalina.startup.HostConfig.deployDirectory Deploying web application directory [C:\Users\Yara\Downloads\APT\Web_Search_Engine\APT\apache-tomcat-8.5.55\webapps\host-manager]
03-Jun-2020 08:56:46.209 INFO [localhost-startStop-1] org.apache.jasper.servlet.TldScanner.scanJars At least one JAR was scanned for TLDs yet contained no TLDs. Enable debug logging for this logger for a complete list of JARs that were scanned but no TLDs were found in them. Skipping unneeded JARs during scanning can improve startup time and JSP compilation time.
03-Jun-2020 08:56:46.217 INFO [localhost-startStop-1] org.apache.catalina.startup.HostConfig.deployDirectory Deployment of web application directory [C:\Users\Yara\Downloads\APT\Web_Search_Engine\APT\apache-tomcat-8.5.55\webapps\host-manager] has finished in [1,821] ms
03-Jun-2020 08:56:46.218 INFO [localhost-startStop-1] org.apache.catalina.startup.HostConfig.deployDirectory Deploying web application directory [C:\Users\Yara\Downloads\APT\Web_Search_Engine\APT\apache-tomcat-8.5.55\webapps\manager]
03-Jun-2020 08:56:47.528 INFO [localhost-startStop-1] org.apache.jasper.servlet.TldScanner.scanJars At least one JAR was scanned for TLDs yet contained no TLDs. Enable debug logging for this logger for a complete list of JARs that were scanned but no TLDs were found in them. Skipping unneeded JARs during scanning can improve startup time and JSP compilation time.
03-Jun-2020 08:56:47.534 INFO [localhost-startStop-1] org.apache.catalina.startup.HostConfig.deployDirectory Deployment of web application directory [C:\Users\Yara\Downloads\APT\Web_Search_Engine\APT\apache-tomcat-8.5.55\webapps\manager] has finished in [1,316] ms
03-Jun-2020 08:56:47.534 INFO [localhost-startStop-1] org.apache.catalina.startup.HostConfig.deployDirectory Deploying web application directory [C:\Users\Yara\Downloads\APT\Web_Search_Engine\APT\apache-tomcat-8.5.55\webapps\ROOT]
03-Jun-2020 08:56:47.570 WARNING [localhost-startStop-1] org.apache.tomcat.util.descriptor.web.WebXml.setVersion Unknown version string [4.0]. Default version will be used.
03-Jun-2020 08:56:49.135 INFO [localhost-startStop-1] org.apache.jasper.servlet.TldScanner.scanJars At least one JAR was scanned for TLDs yet contained no TLDs. Enable debug logging for this logger for a complete list of JARs that were scanned but no TLDs were found in them. Skipping unneeded JARs during scanning can improve startup time and JSP compilation time.
03-Jun-2020 08:56:49.142 INFO [localhost-startStop-1] org.apache.catalina.startup.HostConfig.deployDirectory Deployment of web application directory [C:\Users\Yara\Downloads\APT\Web_Search_Engine\APT\apache-tomcat-8.5.55\webapps\ROOT] has finished in [1,608] ms
03-Jun-2020 08:56:49.152 INFO [main] org.apache.coyote.AbstractProtocol.start Starting ProtocolHandler ["http-nio-8080"]
03-Jun-2020 08:56:49.166 INFO [main] org.apache.catalina.startup.Catalina.start Server startup in 10599 ms
03-Jun-2020 08:57:08.869 INFO [http-nio-8080-exec-1] com.mongodb.diagnostics.logging.JULLogger.log Cluster created with settings {hosts=[localhost:27017], mode=SINGLE, requiredClusterType=UNKNOWN, serverSelectionTimeout='30000 ms', maxWaitQueueSize=500}
03-Jun-2020 08:57:09.025 INFO [http-nio-8080-exec-1] com.mongodb.diagnostics.logging.JULLogger.log Cluster created with settings {hosts=[localhost:27017], mode=SINGLE, requiredClusterType=UNKNOWN, serverSelectionTimeout='30000 ms', maxWaitQueueSize=500}
03-Jun-2020 08:57:09.075 INFO [cluster-ClusterId{value='5ed749c451a8144aa4615d7a', description='null'}-localhost:27017] com.mongodb.diagnostics.logging.JULLogger.log Opened connection [connectionId{localValue:1, serverValue:7}] to localhost:27017
03-Jun-2020 08:57:09.075 INFO [cluster-ClusterId{value='5ed749c551a8144aa4615d7b', description='null'}-localhost:27017] com.mongodb.diagnostics.logging.JULLogger.log Opened connection [connectionId{localValue:2, serverValue:8}] to localhost:27017
03-Jun-2020 08:57:09.092 INFO [cluster-ClusterId{value='5ed749c551a8144aa4615d7b', description='null'}-localhost:27017] com.mongodb.diagnostics.logging.JULLogger.log Monitor thread successfully connected to server with description ServerDescription{address=localhost:27017, type=STANDALONE, state=CONNECTED, ok=true, version=ServerVersion{versionList=[4, 2, 6]}, minWireVersion=0, maxWireVersion=8, maxDocumentSize=16777216, logicalSessionTimeoutMinutes=30, roundTripTimeNanos=10350000}
03-Jun-2020 08:57:09.092 INFO [cluster-ClusterId{value='5ed749c451a8144aa4615d7a', description='null'}-localhost:27017] com.mongodb.diagnostics.logging.JULLogger.log Monitor thread successfully connected to server with description ServerDescription{address=localhost:27017, type=STANDALONE, state=CONNECTED, ok=true, version=ServerVersion{versionList=[4, 2, 6]}, minWireVersion=0, maxWireVersion=8, maxDocumentSize=16777216, logicalSessionTimeoutMinutes=30, roundTripTimeNanos=8502600}
03-Jun-2020 08:57:09.287 INFO [http-nio-8080-exec-1] com.mongodb.diagnostics.logging.JULLogger.log Opened connection [connectionId{localValue:3, serverValue:9}] to localhost:27017
03-Jun-2020 08:57:23.214 INFO [http-nio-8080-exec-3] com.mongodb.diagnostics.logging.JULLogger.log Cluster created with settings {hosts=[localhost:27017], mode=SINGLE, requiredClusterType=UNKNOWN, serverSelectionTimeout='30000 ms', maxWaitQueueSize=500}
03-Jun-2020 08:57:23.217 INFO [http-nio-8080-exec-3] com.mongodb.diagnostics.logging.JULLogger.log Cluster created with settings {hosts=[localhost:27017], mode=SINGLE, requiredClusterType=UNKNOWN, serverSelectionTimeout='30000 ms', maxWaitQueueSize=500}
03-Jun-2020 08:57:23.223 INFO [cluster-ClusterId{value='5ed749d351a8144aa4615d7c', description='null'}-localhost:27017] com.mongodb.diagnostics.logging.JULLogger.log Opened connection [connectionId{localValue:4, serverValue:10}] to localhost:27017
03-Jun-2020 08:57:23.225 INFO [cluster-ClusterId{value='5ed749d351a8144aa4615d7d', description='null'}-localhost:27017] com.mongodb.diagnostics.logging.JULLogger.log Opened connection [connectionId{localValue:5, serverValue:11}] to localhost:27017
03-Jun-2020 08:57:23.226 INFO [cluster-ClusterId{value='5ed749d351a8144aa4615d7c', description='null'}-localhost:27017] com.mongodb.diagnostics.logging.JULLogger.log Monitor thread successfully connected to server with description ServerDescription{address=localhost:27017, type=STANDALONE, state=CONNECTED, ok=true, version=ServerVersion{versionList=[4, 2, 6]}, minWireVersion=0, maxWireVersion=8, maxDocumentSize=16777216, logicalSessionTimeoutMinutes=30, roundTripTimeNanos=975500}
03-Jun-2020 08:57:23.228 INFO [cluster-ClusterId{value='5ed749d351a8144aa4615d7d', description='null'}-localhost:27017] com.mongodb.diagnostics.logging.JULLogger.log Monitor thread successfully connected to server with description ServerDescription{address=localhost:27017, type=STANDALONE, state=CONNECTED, ok=true, version=ServerVersion{versionList=[4, 2, 6]}, minWireVersion=0, maxWireVersion=8, maxDocumentSize=16777216, logicalSessionTimeoutMinutes=30, roundTripTimeNanos=1232300}
